Error: SQLSTATE[HY000] [1045] Access denied for user 'rot'@'localhost' (using password: YES)Error: SQLSTATE[HY000] [1045] Access denied for user 'rot'@'localhost' (using password: YES)Error: SQLSTATE[HY000] [1045] Access denied for user 'rot'@'localhost' (using password: YES)Error: SQLSTATE[HY000] [1045] Access denied for user 'rot'@'localhost' (using password: YES)
Error: SQLSTATE[HY000] [1045] Access denied for user 'rot'@'localhost' (using password: YES)
Error: SQLSTATE[HY000] [1045] Access denied for user 'rot'@'localhost' (using password: YES)
Error: SQLSTATE[HY000] [1045] Access denied for user 'rot'@'localhost' (using password: YES)
Error: SQLSTATE[HY000] [1045] Access denied for user 'rot'@'localhost' (using password: YES)
Error: SQLSTATE[HY000] [1045] Access denied for user ''@'localhost' (using password: YES)
Error: SQLSTATE[HY000] [1045] Access denied for user ''@'localhost' (using password: YES)
Error: SQLSTATE[HY000] [1045] Access denied for user 'rot'@'localhost' (using password: YES)
Error: SQLSTATE[HY000] [1045] Access denied for user 'rot'@'localhost' (using password: YES)
Error: SQLSTATE[HY000] [1045] Access denied for user 'rot'@'localhost' (using password: YES)
Error: SQLSTATE[HY000] [1045] Access denied for user 'rot'@'localhost' (using password: YES)
Error: SQLSTATE[HY000] [1045] Access denied for user ''@'localhost' (using password: YES)
Error: SQLSTATE[HY000] [1045] Access denied for user ''@'localhost' (using password: YES)
Error: SQLSTATE[08004] [1040] Too many connections
Error: SQLSTATE[HY000] [2002] No such file or directory
Error: SQLSTATE[HY000] [2002] No such file or directory
Error: SQLSTATE[HY000] [2002] No such file or directory
Error: SQLSTATE[HY000] [2002] No such file or directory
Error: SQLSTATE[HY000] [2002] No such file or directory
Error: SQLSTATE[HY000] [2002] No such file or directory
Error: SQLSTATE[HY000] [2002] No such file or directory
Error: SQLSTATE[HY000] [2002] No such file or directory
Error: SQLSTATE[HY000] [2002] No such file or directory
Error: SQLSTATE[HY000] [2002] No such file or directory
Error: SQLSTATE[HY000] [2002] No such file or directory
Error: SQLSTATE[HY000] [2002] No such file or directory
Error: could not find driver
Error: could not find driver
Error: could not find driver
Error: could not find driver
Error: could not find driver
Error: could not find driver
Error: could not find driver
Error: could not find driver
Error: could not find driver
Error: could not find driver
Error: could not find driver
Error: could not find driver
Error: SQLSTATE[HY000] [2002] No such file or directory
Error: could not find driver
Error: could not find driver
Error: could not find driver
Error: could not find driver
